[INFO] 21:13:31:128 FM9/(8902:8902): *************** NUEVO LOG ***************
[INFO] 21:13:37:617 FM9/(8902:8902): Se abrió el archivo de configuración correctamente.
[INFO] 21:13:52:80 FM9/(8902:8902): Socket creado correctamente.
[INFO] 21:13:52:80 FM9/(8902:8902): Socket bindeado correctamente.
[INFO] 21:13:52:80 FM9/(8902:8902): Escuchando conexiones.
[INFO] 09:42:11:598 FM9/(5991:5991): *************** NUEVO LOG ***************
[INFO] 09:42:11:625 FM9/(5991:5991): Se abrió el archivo de configuración correctamente.
[INFO] 09:42:11:634 FM9/(5991:5991): Socket creado correctamente.
[INFO] 09:42:11:635 FM9/(5991:5991): Socket bindeado correctamente.
[INFO] 09:42:11:635 FM9/(5991:5991): Escuchando conexiones.
[INFO] 09:42:52:721 FM9/(6038:6038): *************** NUEVO LOG ***************
[INFO] 09:42:52:721 FM9/(6038:6038): Se abrió el archivo de configuración correctamente.
[INFO] 09:42:52:727 FM9/(6038:6038): Socket creado correctamente.
[INFO] 09:42:52:730 FM9/(6038:6038): Socket bindeado correctamente.
[INFO] 09:42:52:730 FM9/(6038:6038): Escuchando conexiones.
[INFO] 09:44:25:792 FM9/(6119:6119): *************** NUEVO LOG ***************
[INFO] 09:44:25:792 FM9/(6119:6119): Se abrió el archivo de configuración correctamente.
[INFO] 09:44:25:803 FM9/(6119:6119): Socket creado correctamente.
[INFO] 09:44:25:805 FM9/(6119:6119): Socket bindeado correctamente.
[INFO] 09:44:25:805 FM9/(6119:6119): Escuchando conexiones.
[INFO] 09:46:53:319 FM9/(6240:6240): *************** NUEVO LOG ***************
[INFO] 09:46:53:320 FM9/(6240:6240): Se abrió el archivo de configuración correctamente.
[INFO] 09:46:53:330 FM9/(6240:6240): Socket creado correctamente.
[INFO] 09:46:53:330 FM9/(6240:6240): Socket bindeado correctamente.
[INFO] 09:46:53:331 FM9/(6240:6240): Escuchando conexiones.
[INFO] 09:47:30:319 FM9/(6240:6246): Estas haciendo un dump
[INFO] 09:49:44:895 FM9/(6386:6386): *************** NUEVO LOG ***************
[INFO] 09:49:44:895 FM9/(6386:6386): Se abrió el archivo de configuración correctamente.
[INFO] 09:49:44:900 FM9/(6386:6386): Socket creado correctamente.
[INFO] 09:49:44:902 FM9/(6386:6386): Socket bindeado correctamente.
[INFO] 09:49:44:902 FM9/(6386:6386): Escuchando conexiones.
[INFO] 09:50:45:264 FM9/(6453:6453): *************** NUEVO LOG ***************
[INFO] 09:50:45:264 FM9/(6453:6453): Se abrió el archivo de configuración correctamente.
[INFO] 09:50:45:270 FM9/(6453:6453): Socket creado correctamente.
[INFO] 09:50:45:270 FM9/(6453:6453): Socket bindeado correctamente.
[INFO] 09:50:45:271 FM9/(6453:6453): Escuchando conexiones.
[INFO] 09:51:08:853 FM9/(6453:6464): Estas haciendo un dump
[INFO] 10:00:11:877 FM9/(6980:6980): *************** NUEVO LOG ***************
[INFO] 10:00:11:878 FM9/(6980:6980): Se abrió el archivo de configuración correctamente.
[INFO] 10:00:11:887 FM9/(6980:6980): Socket creado correctamente.
[INFO] 10:00:11:888 FM9/(6980:6980): Socket bindeado correctamente.
[INFO] 10:00:11:888 FM9/(6980:6980): Escuchando conexiones.
[INFO] 10:03:55:833 FM9/(7231:7231): *************** NUEVO LOG ***************
[INFO] 10:03:55:833 FM9/(7231:7231): Se abrió el archivo de configuración correctamente.
[INFO] 10:03:55:836 FM9/(7231:7231): Socket creado correctamente.
[INFO] 10:03:55:836 FM9/(7231:7231): Socket bindeado correctamente.
[INFO] 10:03:55:836 FM9/(7231:7231): Escuchando conexiones.
[INFO] 10:09:05:508 FM9/(7741:7741): *************** NUEVO LOG ***************
[INFO] 10:09:05:508 FM9/(7741:7741): Se abrió el archivo de configuración correctamente.
[INFO] 10:09:05:509 FM9/(7741:7741): Socket creado correctamente.
[INFO] 10:09:05:509 FM9/(7741:7741): Socket bindeado correctamente.
[INFO] 10:09:05:509 FM9/(7741:7741): Escuchando conexiones.
[INFO] 10:22:58:413 FM9/(9032:9032): *************** NUEVO LOG ***************
[INFO] 10:22:58:440 FM9/(9032:9032): Se abrió el archivo de configuración correctamente.
[INFO] 10:22:58:447 FM9/(9032:9032): Socket creado correctamente.
[INFO] 10:22:58:448 FM9/(9032:9032): Socket bindeado correctamente.
[INFO] 10:22:58:448 FM9/(9032:9032): Escuchando conexiones.
[INFO] 10:23:11:363 FM9/(9032:9043): No se reconoce el comando
[INFO] 10:23:25:264 FM9/(9032:9043): No se reconoce el comando
